2021-05-03 02:28:34,589 [main] INFO Cucumber_RyanAir - ******  Launching Browser ******
2021-05-03 02:28:39,067 [main] INFO Cucumber_RyanAir - ******  Opening URL ******
2021-05-03 02:28:39,318 [main] INFO Cucumber_RyanAir - ******  Cookie link is clicked ******
2021-05-03 02:28:39,320 [main] INFO Cucumber_RyanAir - ******  Clicking Login Link ******
2021-05-03 02:28:39,679 [main] INFO Cucumber_RyanAir - ******  Providing login details ******
2021-05-03 02:28:41,178 [main] INFO Cucumber_RyanAir - ******  Clicking on Login button ******
2021-05-03 02:28:41,180 [main] INFO Cucumber_RyanAir - ******  Successfully Login ******
2021-05-03 02:28:46,276 [main] INFO Cucumber_RyanAir - ******  Providing flight details ******
2021-05-03 02:28:53,254 [main] INFO Cucumber_RyanAir - ******  Clicking on Search button ******
2021-05-03 02:28:59,089 [main] INFO Cucumber_RyanAir - ******  Providing First name and Last name ******
2021-05-03 02:29:05,615 [main] INFO Cucumber_RyanAir - ******  Selecting cabin bag details ******
2021-05-03 02:29:17,712 [main] INFO Cucumber_RyanAir - ******  Clicking on Checkout button ******
2021-05-03 02:29:21,157 [main] INFO Cucumber_RyanAir - ******  Providing card details ******
2021-05-03 02:29:22,401 [main] INFO Cucumber_RyanAir - ******  Providing billing address details ******
2021-05-03 02:31:41,626 - Cucumber_RyanAir -INFO - ******  Launching Browser ******
2021-05-03 02:31:46,018 - Cucumber_RyanAir -INFO - ******  Opening URL ******
2021-05-03 02:31:46,328 - Cucumber_RyanAir -INFO - ******  Cookie link is clicked ******
2021-05-03 02:31:46,329 - Cucumber_RyanAir -INFO - ******  Clicking Login Link ******
2021-05-03 02:31:46,533 - Cucumber_RyanAir -INFO - ******  Providing login details ******
2021-05-03 02:31:48,116 - Cucumber_RyanAir -INFO - ******  Clicking on Login button ******
2021-05-03 02:31:48,118 - Cucumber_RyanAir -INFO - ******  Successfully Login ******
2021-05-03 02:31:53,210 - Cucumber_RyanAir -INFO - ******  Providing flight details ******
2021-05-03 02:32:00,106 - Cucumber_RyanAir -INFO - ******  Clicking on Search button ******
2021-05-03 02:32:08,433 - Cucumber_RyanAir -INFO - ******  Providing First name and Last name ******
2021-05-03 02:32:15,095 - Cucumber_RyanAir -INFO - ******  Selecting cabin bag details ******
2021-05-03 02:32:27,245 - Cucumber_RyanAir -INFO - ******  Clicking on Checkout button ******
2021-05-03 02:32:30,477 - Cucumber_RyanAir -INFO - ******  Providing card details ******
2021-05-03 02:32:31,739 - Cucumber_RyanAir -INFO - ******  Providing billing address details ******
2021-05-03 02:32:48,381 - Cucumber_RyanAir -INFO - ERROR MESSAGE VERIFIED. All test cases are passed
2021-05-03 15:27:36,231 - Cucumber_RyanAir -INFO - ******  Launching Browser ******
2021-05-03 15:27:36,670 - Cucumber_RyanAir -INFO - ******  Opening URL ******
2021-05-03 15:30:38,837 - Cucumber_RyanAir -INFO - ******  Launching Browser ******
2021-05-03 15:30:52,023 - Cucumber_RyanAir -INFO - ******  Opening URL ******
2021-05-03 15:30:52,760 - Cucumber_RyanAir -INFO - ******  Cookie link is clicked ******
2021-05-03 15:30:52,761 - Cucumber_RyanAir -INFO - ******  Clicking Login Link ******
2021-05-03 15:30:53,084 - Cucumber_RyanAir -INFO - ******  Providing login details ******
2021-05-03 15:30:54,814 - Cucumber_RyanAir -INFO - ******  Clicking on Login button ******
2021-05-03 15:30:54,817 - Cucumber_RyanAir -INFO - ******  Successfully Login ******
2021-05-03 15:31:00,080 - Cucumber_RyanAir -INFO - ******  Providing flight details ******
2021-05-03 15:31:08,162 - Cucumber_RyanAir -INFO - ******  Clicking on Search button ******
2021-05-03 15:31:14,392 - Cucumber_RyanAir -INFO - ******  Providing First name and Last name ******
2021-05-03 15:31:21,300 - Cucumber_RyanAir -INFO - ******  Selecting cabin bag details ******
2021-05-03 15:31:34,992 - Cucumber_RyanAir -INFO - ******  Clicking on Checkout button ******
2021-05-03 15:31:37,987 - Cucumber_RyanAir -INFO - ******  Providing card details ******
2021-05-03 15:31:39,220 - Cucumber_RyanAir -INFO - ******  Providing billing address details ******
2021-05-03 15:31:55,666 - Cucumber_RyanAir -INFO - ERROR MESSAGE VERIFIED. All test cases are passed
2021-05-03 18:42:21,031 - Cucumber_RyanAir -INFO - ******  Launching Browser ******
2021-05-03 18:43:52,844 - Cucumber_RyanAir -INFO - ******  Launching Browser ******
2021-05-03 18:44:00,537 - Cucumber_RyanAir -INFO - ******  Opening URL ******
2021-05-03 18:44:01,259 - Cucumber_RyanAir -INFO - ******  Cookie Accepted ******
2021-05-03 18:44:01,260 - Cucumber_RyanAir -INFO - ******  Clicking Login Link ******
2021-05-03 18:44:01,416 - Cucumber_RyanAir -INFO - ******  Input LOGIN Credentials ******
2021-05-03 18:44:03,141 - Cucumber_RyanAir -INFO - ******  Clicking on Login button ******
2021-05-03 21:27:51,537 - Cucumber_RyanAir -INFO - ******  Launching Browser  ******
2021-05-03 21:28:15,826 - Cucumber_RyanAir -INFO - ******  Launching Ryanair Website  ******
2021-05-03 21:28:16,687 - Cucumber_RyanAir -INFO - ******  Cookie Accepted  ******
2021-05-03 21:28:16,691 - Cucumber_RyanAir -INFO - ******  Clicking Login Link  ******
2021-05-03 21:28:17,095 - Cucumber_RyanAir -INFO - ******  Inputing LOGIN Credentials  ******
2021-05-03 21:28:19,531 - Cucumber_RyanAir -INFO - ******  Clicking on Login button  ******
2021-05-03 21:29:10,515 - Cucumber_RyanAir -INFO - ******  Launching Browser  ******
2021-05-03 21:29:17,827 - Cucumber_RyanAir -INFO - ******  Launching Ryanair Website  ******
2021-05-03 21:29:18,616 - Cucumber_RyanAir -INFO - ******  Cookie Accepted  ******
2021-05-03 21:29:18,619 - Cucumber_RyanAir -INFO - ******  Clicking Login Link  ******
2021-05-03 21:29:18,936 - Cucumber_RyanAir -INFO - ******  Inputing LOGIN Credentials  ******
2021-05-03 21:29:20,624 - Cucumber_RyanAir -INFO - ******  Clicking on Login button  ******
2021-05-03 21:29:20,627 - Cucumber_RyanAir -INFO - ******  Login Successful  ******
2021-05-03 21:32:55,159 - Cucumber_RyanAir -INFO - ******  Launching Browser  ******
2021-05-03 21:33:05,294 - Cucumber_RyanAir -INFO - ******  Launching Ryanair Website  ******
2021-05-03 21:33:05,559 - Cucumber_RyanAir -INFO - ******  Cookie Accepted  ******
2021-05-03 21:33:05,562 - Cucumber_RyanAir -INFO - ******  Clicking Login Link  ******
2021-05-03 21:33:06,004 - Cucumber_RyanAir -INFO - ******  Inputing LOGIN Credentials  ******
2021-05-03 21:33:08,384 - Cucumber_RyanAir -INFO - ******  Clicking on Login button  ******
2021-05-03 21:33:08,387 - Cucumber_RyanAir -INFO - ******  Login Successful  ******
2021-05-03 21:35:22,142 - Cucumber_RyanAir -INFO - ******  Launching Browser  ******
2021-05-03 21:35:33,174 - Cucumber_RyanAir -INFO - ******  Launching Ryanair Website  ******
2021-05-03 21:35:33,458 - Cucumber_RyanAir -INFO - ******  Cookie Accepted  ******
2021-05-03 21:35:33,460 - Cucumber_RyanAir -INFO - ******  Clicking Login Link  ******
2021-05-03 21:35:34,039 - Cucumber_RyanAir -INFO - ******  Inputing LOGIN Credentials  ******
2021-05-03 21:35:35,677 - Cucumber_RyanAir -INFO - ******  Clicking on Login button  ******
2021-05-03 21:38:25,867 - Cucumber_RyanAir -INFO - ******  Launching Browser  ******
2021-05-03 21:43:08,349 - Cucumber_RyanAir -INFO - ******  Launching Browser  ******
2021-05-03 21:43:17,227 - Cucumber_RyanAir -INFO - ******  Opening URL ******
2021-05-03 21:43:17,469 - Cucumber_RyanAir -INFO - ******  Cookie link is clicked ******
2021-05-03 21:43:17,470 - Cucumber_RyanAir -INFO - ******  Clicking Login Link ******
2021-05-03 21:43:17,859 - Cucumber_RyanAir -INFO - ******  Providing login details ******
2021-05-03 21:43:19,382 - Cucumber_RyanAir -INFO - ******  Email id and Password entered ******
2021-05-03 21:43:19,653 - Cucumber_RyanAir -INFO - ******  Clicking on Login button ******
2021-05-03 21:43:19,655 - Cucumber_RyanAir -INFO - ******  Successfully Login ******
2021-05-03 21:43:24,848 - Cucumber_RyanAir -INFO - ******  Providing flight details ******
2021-05-03 21:45:44,007 - Cucumber_RyanAir -INFO - ******  Launching Browser  ******
2021-05-03 21:45:45,748 - Cucumber_RyanAir -INFO - ******  Opening URL ******
2021-05-03 21:45:49,189 - Cucumber_RyanAir -INFO - ******  Cookie link is clicked ******
2021-05-03 21:45:49,190 - Cucumber_RyanAir -INFO - ******  Clicking Login Link ******
2021-05-03 21:45:49,300 - Cucumber_RyanAir -INFO - ******  Providing login details ******
2021-05-03 21:45:50,822 - Cucumber_RyanAir -INFO - ******  Email id and Password entered ******
2021-05-03 21:45:50,938 - Cucumber_RyanAir -INFO - ******  Clicking on Login button ******
2021-05-03 21:45:50,940 - Cucumber_RyanAir -INFO - ******  Successfully Login ******
2021-05-03 21:45:56,057 - Cucumber_RyanAir -INFO - ******  Providing flight details ******
2021-05-03 21:46:02,695 - Cucumber_RyanAir -INFO - ******  Clicking on Search button ******
2021-05-03 21:48:42,026 - Cucumber_RyanAir -INFO - ******  Launching Browser  ******
2021-05-03 21:48:43,659 - Cucumber_RyanAir -INFO - ******  Opening URL ******
2021-05-03 21:48:43,898 - Cucumber_RyanAir -INFO - ******  Cookie link is clicked ******
2021-05-03 21:48:43,901 - Cucumber_RyanAir -INFO - ******  Clicking Login Link ******
2021-05-03 21:48:47,458 - Cucumber_RyanAir -INFO - ******  Providing login details ******
2021-05-03 21:48:48,866 - Cucumber_RyanAir -INFO - ******  Email id and Password entered ******
2021-05-03 21:48:49,163 - Cucumber_RyanAir -INFO - ******  Clicking on Login button ******
2021-05-03 21:48:49,167 - Cucumber_RyanAir -INFO - ******  Successfully Login ******
2021-05-03 21:48:54,311 - Cucumber_RyanAir -INFO - ******  Providing flight details ******
2021-05-03 21:49:01,160 - Cucumber_RyanAir -INFO - ******  Clicking on Search button ******
2021-05-03 21:49:07,350 - Cucumber_RyanAir -INFO - ******  Entering First name and Last name  ******
2021-05-03 21:49:15,437 - Cucumber_RyanAir -INFO - ******  Selecting Cabin Bag Details  ******
2021-05-03 21:49:15,778 - Cucumber_RyanAir -INFO - ******  Dismissing Baggage Popup  ******
2021-05-03 21:49:26,006 - Cucumber_RyanAir -INFO - ******  Clicking on Checkout button ******
2021-05-03 21:53:15,932 - Cucumber_RyanAir -INFO - ******  Launching Browser  ******
2021-05-03 21:53:20,331 - Cucumber_RyanAir -INFO - ******  Opening URL ******
2021-05-03 21:53:20,616 - Cucumber_RyanAir -INFO - ******  Cookie link is clicked ******
2021-05-03 21:53:20,616 - Cucumber_RyanAir -INFO - ******  Clicking Login Link ******
2021-05-03 21:53:20,791 - Cucumber_RyanAir -INFO - ******  Providing login details ******
2021-05-03 21:53:22,260 - Cucumber_RyanAir -INFO - ******  Email id and Password entered ******
2021-05-03 21:53:22,373 - Cucumber_RyanAir -INFO - ******  Clicking on Login button ******
2021-05-03 21:53:22,375 - Cucumber_RyanAir -INFO - ******  Successfully Login ******
2021-05-03 21:53:27,527 - Cucumber_RyanAir -INFO - ******  Providing flight details ******
2021-05-03 21:53:34,358 - Cucumber_RyanAir -INFO - ******  Clicking on Search button ******
2021-05-03 21:53:40,697 - Cucumber_RyanAir -INFO - ******  Entering First name and Last name  ******
2021-05-03 21:53:51,351 - Cucumber_RyanAir -INFO - ******  Selecting Cabin Bag Details  ******
2021-05-03 21:53:51,689 - Cucumber_RyanAir -INFO - ******  Dismissing Baggage Popup  ******
2021-05-03 21:54:02,075 - Cucumber_RyanAir -INFO - ******  Clicking on Checkout button ******
2021-05-03 21:54:05,287 - Cucumber_RyanAir -INFO - ******  Providing card details ******
2021-05-03 21:54:06,520 - Cucumber_RyanAir -INFO - ******  Providing billing address details ******
2021-05-03 21:56:18,116 - Cucumber_RyanAir -INFO - ******  Launching Browser  ******
2021-05-03 21:56:22,341 - Cucumber_RyanAir -INFO - ******  Opening URL ******
2021-05-03 21:56:22,953 - Cucumber_RyanAir -INFO - ******  Cookie link is clicked ******
2021-05-03 21:56:22,954 - Cucumber_RyanAir -INFO - ******  Clicking Login Link ******
2021-05-03 21:56:23,095 - Cucumber_RyanAir -INFO - ******  Providing login details ******
2021-05-03 21:56:24,522 - Cucumber_RyanAir -INFO - ******  Email id and Password entered ******
2021-05-03 21:56:24,625 - Cucumber_RyanAir -INFO - ******  Clicking on Login button ******
2021-05-03 21:56:24,626 - Cucumber_RyanAir -INFO - ******  Successfully Login ******
2021-05-03 21:56:29,727 - Cucumber_RyanAir -INFO - ******  Providing flight details ******
2021-05-03 21:56:36,686 - Cucumber_RyanAir -INFO - ******  Clicking on Search button ******
2021-05-03 21:56:42,718 - Cucumber_RyanAir -INFO - ******  Entering First name and Last name  ******
2021-05-03 21:56:51,056 - Cucumber_RyanAir -INFO - ******  Selecting Cabin Bag Details  ******
2021-05-03 21:56:51,459 - Cucumber_RyanAir -INFO - ******  Dismissing Baggage Popup  ******
2021-05-03 21:57:01,584 - Cucumber_RyanAir -INFO - ******  Clicking on Checkout button ******
2021-05-03 21:57:05,248 - Cucumber_RyanAir -INFO - ******  Providing card details ******
2021-05-03 21:57:06,500 - Cucumber_RyanAir -INFO - ******  Providing billing address details ******
2021-05-03 21:57:20,958 - Cucumber_RyanAir -INFO - ERROR MESSAGE VERIFIED. Test Case Passed
2021-05-04 01:18:30,106 - Cucumber_RyanAir -INFO - ******  Launching Browser  ******
2021-05-04 01:18:38,548 - Cucumber_RyanAir -INFO - ******  Opening URL ******
2021-05-04 01:18:39,080 - Cucumber_RyanAir -INFO - ******  Cookie link is clicked ******
2021-05-04 01:18:39,081 - Cucumber_RyanAir -INFO - ******  Clicking Login Link ******
2021-05-04 01:18:39,231 - Cucumber_RyanAir -INFO - ******  Providing login details ******
2021-05-04 01:18:40,231 - Cucumber_RyanAir -INFO - ******  Email id and Password entered ******
2021-05-04 01:18:40,365 - Cucumber_RyanAir -INFO - ******  Clicking on Login button ******
2021-05-04 01:18:40,366 - Cucumber_RyanAir -INFO - ******  Successfully Login ******
2021-05-04 01:18:45,682 - Cucumber_RyanAir -INFO - ******  Providing flight details ******
2021-05-04 01:18:52,662 - Cucumber_RyanAir -INFO - ******  Clicking on Search button ******
2021-05-04 01:18:58,793 - Cucumber_RyanAir -INFO - ******  Entering First name and Last name  ******
2021-05-04 01:19:07,204 - Cucumber_RyanAir -INFO - ******  Selecting Cabin Bag Details  ******
2021-05-04 01:19:12,274 - Cucumber_RyanAir -INFO - ******  Dismissing Baggage Popup  ******
2021-05-04 01:19:22,321 - Cucumber_RyanAir -INFO - ******  Clicking on Checkout button ******
2021-05-04 01:19:26,546 - Cucumber_RyanAir -INFO - ******  Providing card details ******
2021-05-04 01:19:27,969 - Cucumber_RyanAir -INFO - ******  Providing billing address details ******
2021-05-04 01:22:12,061 - Cucumber_RyanAir -INFO - ******  Launching Browser  ******
2021-05-04 01:22:16,803 - Cucumber_RyanAir -INFO - ******  Opening URL ******
2021-05-04 01:22:17,346 - Cucumber_RyanAir -INFO - ******  Cookie link is clicked ******
2021-05-04 01:22:17,347 - Cucumber_RyanAir -INFO - ******  Clicking Login Link ******
2021-05-04 01:22:17,481 - Cucumber_RyanAir -INFO - ******  Providing login details ******
2021-05-04 01:22:19,105 - Cucumber_RyanAir -INFO - ******  Email id and Password entered ******
2021-05-04 01:22:19,206 - Cucumber_RyanAir -INFO - ******  Clicking on Login button ******
2021-05-04 01:22:19,207 - Cucumber_RyanAir -INFO - ******  Successfully Login ******
2021-05-04 01:22:24,311 - Cucumber_RyanAir -INFO - ******  Providing flight details ******
2021-05-04 01:22:31,193 - Cucumber_RyanAir -INFO - ******  Clicking on Search button ******
2021-05-04 01:22:37,333 - Cucumber_RyanAir -INFO - ******  Entering First name and Last name  ******
2021-05-04 01:22:45,141 - Cucumber_RyanAir -INFO - ******  Selecting Cabin Bag Details  ******
2021-05-04 01:22:45,517 - Cucumber_RyanAir -INFO - ******  Dismissing Baggage Popup  ******
2021-05-04 01:22:55,732 - Cucumber_RyanAir -INFO - ******  Clicking on Checkout button ******
2021-05-04 01:22:59,089 - Cucumber_RyanAir -INFO - ******  Providing card details ******
2021-05-04 01:23:00,367 - Cucumber_RyanAir -INFO - ******  Providing billing address details ******
2021-05-04 01:23:15,068 - Cucumber_RyanAir -INFO - ERROR MESSAGE VERIFIED. Test Case Passed
