2021-05-03 02:31:41,626 [main] INFO Cucumber_RyanAir - ******  Launching Browser ******
2021-05-03 02:31:46,018 [main] INFO Cucumber_RyanAir - ******  Opening URL ******
2021-05-03 02:31:46,328 [main] INFO Cucumber_RyanAir - ******  Cookie link is clicked ******
2021-05-03 02:31:46,329 [main] INFO Cucumber_RyanAir - ******  Clicking Login Link ******
2021-05-03 02:31:46,533 [main] INFO Cucumber_RyanAir - ******  Providing login details ******
2021-05-03 02:31:48,116 [main] INFO Cucumber_RyanAir - ******  Clicking on Login button ******
2021-05-03 02:31:48,118 [main] INFO Cucumber_RyanAir - ******  Successfully Login ******
2021-05-03 02:31:53,210 [main] INFO Cucumber_RyanAir - ******  Providing flight details ******
2021-05-03 02:32:00,106 [main] INFO Cucumber_RyanAir - ******  Clicking on Search button ******
2021-05-03 02:32:08,433 [main] INFO Cucumber_RyanAir - ******  Providing First name and Last name ******
2021-05-03 02:32:15,095 [main] INFO Cucumber_RyanAir - ******  Selecting cabin bag details ******
2021-05-03 02:32:27,245 [main] INFO Cucumber_RyanAir - ******  Clicking on Checkout button ******
2021-05-03 02:32:30,477 [main] INFO Cucumber_RyanAir - ******  Providing card details ******
2021-05-03 02:32:31,739 [main] INFO Cucumber_RyanAir - ******  Providing billing address details ******
2021-05-03 02:32:48,381 [main] INFO Cucumber_RyanAir - ERROR MESSAGE VERIFIED. All test cases are passed
2021-05-03 15:27:36,231 [main] INFO Cucumber_RyanAir - ******  Launching Browser ******
2021-05-03 15:27:36,670 [main] INFO Cucumber_RyanAir - ******  Opening URL ******
2021-05-03 15:30:38,837 [main] INFO Cucumber_RyanAir - ******  Launching Browser ******
2021-05-03 15:30:52,023 [main] INFO Cucumber_RyanAir - ******  Opening URL ******
2021-05-03 15:30:52,760 [main] INFO Cucumber_RyanAir - ******  Cookie link is clicked ******
2021-05-03 15:30:52,761 [main] INFO Cucumber_RyanAir - ******  Clicking Login Link ******
2021-05-03 15:30:53,084 [main] INFO Cucumber_RyanAir - ******  Providing login details ******
2021-05-03 15:30:54,814 [main] INFO Cucumber_RyanAir - ******  Clicking on Login button ******
2021-05-03 15:30:54,817 [main] INFO Cucumber_RyanAir - ******  Successfully Login ******
2021-05-03 15:31:00,080 [main] INFO Cucumber_RyanAir - ******  Providing flight details ******
2021-05-03 15:31:08,162 [main] INFO Cucumber_RyanAir - ******  Clicking on Search button ******
2021-05-03 15:31:14,392 [main] INFO Cucumber_RyanAir - ******  Providing First name and Last name ******
2021-05-03 15:31:21,300 [main] INFO Cucumber_RyanAir - ******  Selecting cabin bag details ******
2021-05-03 15:31:34,992 [main] INFO Cucumber_RyanAir - ******  Clicking on Checkout button ******
2021-05-03 15:31:37,987 [main] INFO Cucumber_RyanAir - ******  Providing card details ******
2021-05-03 15:31:39,220 [main] INFO Cucumber_RyanAir - ******  Providing billing address details ******
2021-05-03 15:31:55,666 [main] INFO Cucumber_RyanAir - ERROR MESSAGE VERIFIED. All test cases are passed
2021-05-03 18:42:21,031 [main] INFO Cucumber_RyanAir - ******  Launching Browser ******
2021-05-03 18:43:52,844 [main] INFO Cucumber_RyanAir - ******  Launching Browser ******
2021-05-03 18:44:00,537 [main] INFO Cucumber_RyanAir - ******  Opening URL ******
2021-05-03 18:44:01,259 [main] INFO Cucumber_RyanAir - ******  Cookie Accepted ******
2021-05-03 18:44:01,260 [main] INFO Cucumber_RyanAir - ******  Clicking Login Link ******
2021-05-03 18:44:01,416 [main] INFO Cucumber_RyanAir - ******  Input LOGIN Credentials ******
2021-05-03 18:44:03,141 [main] INFO Cucumber_RyanAir - ******  Clicking on Login button ******
2021-05-03 21:27:51,537 [main] INFO Cucumber_RyanAir - ******  Launching Browser  ******
2021-05-03 21:28:15,826 [main] INFO Cucumber_RyanAir - ******  Launching Ryanair Website  ******
2021-05-03 21:28:16,687 [main] INFO Cucumber_RyanAir - ******  Cookie Accepted  ******
2021-05-03 21:28:16,691 [main] INFO Cucumber_RyanAir - ******  Clicking Login Link  ******
2021-05-03 21:28:17,095 [main] INFO Cucumber_RyanAir - ******  Inputing LOGIN Credentials  ******
2021-05-03 21:28:19,531 [main] INFO Cucumber_RyanAir - ******  Clicking on Login button  ******
2021-05-03 21:29:10,515 [main] INFO Cucumber_RyanAir - ******  Launching Browser  ******
2021-05-03 21:29:17,827 [main] INFO Cucumber_RyanAir - ******  Launching Ryanair Website  ******
2021-05-03 21:29:18,616 [main] INFO Cucumber_RyanAir - ******  Cookie Accepted  ******
2021-05-03 21:29:18,619 [main] INFO Cucumber_RyanAir - ******  Clicking Login Link  ******
2021-05-03 21:29:18,936 [main] INFO Cucumber_RyanAir - ******  Inputing LOGIN Credentials  ******
2021-05-03 21:29:20,624 [main] INFO Cucumber_RyanAir - ******  Clicking on Login button  ******
2021-05-03 21:29:20,627 [main] INFO Cucumber_RyanAir - ******  Login Successful  ******
2021-05-03 21:32:55,159 [main] INFO Cucumber_RyanAir - ******  Launching Browser  ******
2021-05-03 21:33:05,294 [main] INFO Cucumber_RyanAir - ******  Launching Ryanair Website  ******
2021-05-03 21:33:05,559 [main] INFO Cucumber_RyanAir - ******  Cookie Accepted  ******
2021-05-03 21:33:05,562 [main] INFO Cucumber_RyanAir - ******  Clicking Login Link  ******
2021-05-03 21:33:06,004 [main] INFO Cucumber_RyanAir - ******  Inputing LOGIN Credentials  ******
2021-05-03 21:33:08,384 [main] INFO Cucumber_RyanAir - ******  Clicking on Login button  ******
2021-05-03 21:33:08,387 [main] INFO Cucumber_RyanAir - ******  Login Successful  ******
2021-05-03 21:35:22,142 [main] INFO Cucumber_RyanAir - ******  Launching Browser  ******
2021-05-03 21:35:33,174 [main] INFO Cucumber_RyanAir - ******  Launching Ryanair Website  ******
2021-05-03 21:35:33,458 [main] INFO Cucumber_RyanAir - ******  Cookie Accepted  ******
2021-05-03 21:35:33,460 [main] INFO Cucumber_RyanAir - ******  Clicking Login Link  ******
2021-05-03 21:35:34,039 [main] INFO Cucumber_RyanAir - ******  Inputing LOGIN Credentials  ******
2021-05-03 21:35:35,677 [main] INFO Cucumber_RyanAir - ******  Clicking on Login button  ******
2021-05-03 21:38:25,867 [main] INFO Cucumber_RyanAir - ******  Launching Browser  ******
2021-05-03 21:43:08,349 [main] INFO Cucumber_RyanAir - ******  Launching Browser  ******
2021-05-03 21:43:17,227 [main] INFO Cucumber_RyanAir - ******  Opening URL ******
2021-05-03 21:43:17,469 [main] INFO Cucumber_RyanAir - ******  Cookie link is clicked ******
2021-05-03 21:43:17,470 [main] INFO Cucumber_RyanAir - ******  Clicking Login Link ******
2021-05-03 21:43:17,859 [main] INFO Cucumber_RyanAir - ******  Providing login details ******
2021-05-03 21:43:19,382 [main] INFO Cucumber_RyanAir - ******  Email id and Password entered ******
2021-05-03 21:43:19,653 [main] INFO Cucumber_RyanAir - ******  Clicking on Login button ******
2021-05-03 21:43:19,655 [main] INFO Cucumber_RyanAir - ******  Successfully Login ******
2021-05-03 21:43:24,848 [main] INFO Cucumber_RyanAir - ******  Providing flight details ******
2021-05-03 21:45:44,007 [main] INFO Cucumber_RyanAir - ******  Launching Browser  ******
2021-05-03 21:45:45,748 [main] INFO Cucumber_RyanAir - ******  Opening URL ******
2021-05-03 21:45:49,189 [main] INFO Cucumber_RyanAir - ******  Cookie link is clicked ******
2021-05-03 21:45:49,190 [main] INFO Cucumber_RyanAir - ******  Clicking Login Link ******
2021-05-03 21:45:49,300 [main] INFO Cucumber_RyanAir - ******  Providing login details ******
2021-05-03 21:45:50,822 [main] INFO Cucumber_RyanAir - ******  Email id and Password entered ******
2021-05-03 21:45:50,938 [main] INFO Cucumber_RyanAir - ******  Clicking on Login button ******
2021-05-03 21:45:50,940 [main] INFO Cucumber_RyanAir - ******  Successfully Login ******
2021-05-03 21:45:56,057 [main] INFO Cucumber_RyanAir - ******  Providing flight details ******
2021-05-03 21:46:02,695 [main] INFO Cucumber_RyanAir - ******  Clicking on Search button ******
2021-05-03 21:48:42,026 [main] INFO Cucumber_RyanAir - ******  Launching Browser  ******
2021-05-03 21:48:43,659 [main] INFO Cucumber_RyanAir - ******  Opening URL ******
2021-05-03 21:48:43,898 [main] INFO Cucumber_RyanAir - ******  Cookie link is clicked ******
2021-05-03 21:48:43,901 [main] INFO Cucumber_RyanAir - ******  Clicking Login Link ******
2021-05-03 21:48:47,458 [main] INFO Cucumber_RyanAir - ******  Providing login details ******
2021-05-03 21:48:48,866 [main] INFO Cucumber_RyanAir - ******  Email id and Password entered ******
2021-05-03 21:48:49,163 [main] INFO Cucumber_RyanAir - ******  Clicking on Login button ******
2021-05-03 21:48:49,167 [main] INFO Cucumber_RyanAir - ******  Successfully Login ******
2021-05-03 21:48:54,311 [main] INFO Cucumber_RyanAir - ******  Providing flight details ******
2021-05-03 21:49:01,160 [main] INFO Cucumber_RyanAir - ******  Clicking on Search button ******
2021-05-03 21:49:07,350 [main] INFO Cucumber_RyanAir - ******  Entering First name and Last name  ******
2021-05-03 21:49:15,437 [main] INFO Cucumber_RyanAir - ******  Selecting Cabin Bag Details  ******
2021-05-03 21:49:15,778 [main] INFO Cucumber_RyanAir - ******  Dismissing Baggage Popup  ******
2021-05-03 21:49:26,006 [main] INFO Cucumber_RyanAir - ******  Clicking on Checkout button ******
2021-05-03 21:53:15,932 [main] INFO Cucumber_RyanAir - ******  Launching Browser  ******
2021-05-03 21:53:20,331 [main] INFO Cucumber_RyanAir - ******  Opening URL ******
2021-05-03 21:53:20,616 [main] INFO Cucumber_RyanAir - ******  Cookie link is clicked ******
2021-05-03 21:53:20,616 [main] INFO Cucumber_RyanAir - ******  Clicking Login Link ******
2021-05-03 21:53:20,791 [main] INFO Cucumber_RyanAir - ******  Providing login details ******
2021-05-03 21:53:22,260 [main] INFO Cucumber_RyanAir - ******  Email id and Password entered ******
2021-05-03 21:53:22,373 [main] INFO Cucumber_RyanAir - ******  Clicking on Login button ******
2021-05-03 21:53:22,375 [main] INFO Cucumber_RyanAir - ******  Successfully Login ******
2021-05-03 21:53:27,527 [main] INFO Cucumber_RyanAir - ******  Providing flight details ******
2021-05-03 21:53:34,358 [main] INFO Cucumber_RyanAir - ******  Clicking on Search button ******
2021-05-03 21:53:40,697 [main] INFO Cucumber_RyanAir - ******  Entering First name and Last name  ******
2021-05-03 21:53:51,351 [main] INFO Cucumber_RyanAir - ******  Selecting Cabin Bag Details  ******
2021-05-03 21:53:51,689 [main] INFO Cucumber_RyanAir - ******  Dismissing Baggage Popup  ******
2021-05-03 21:54:02,075 [main] INFO Cucumber_RyanAir - ******  Clicking on Checkout button ******
2021-05-03 21:54:05,287 [main] INFO Cucumber_RyanAir - ******  Providing card details ******
2021-05-03 21:54:06,520 [main] INFO Cucumber_RyanAir - ******  Providing billing address details ******
2021-05-03 21:56:18,116 [main] INFO Cucumber_RyanAir - ******  Launching Browser  ******
2021-05-03 21:56:22,341 [main] INFO Cucumber_RyanAir - ******  Opening URL ******
2021-05-03 21:56:22,953 [main] INFO Cucumber_RyanAir - ******  Cookie link is clicked ******
2021-05-03 21:56:22,954 [main] INFO Cucumber_RyanAir - ******  Clicking Login Link ******
2021-05-03 21:56:23,095 [main] INFO Cucumber_RyanAir - ******  Providing login details ******
2021-05-03 21:56:24,522 [main] INFO Cucumber_RyanAir - ******  Email id and Password entered ******
2021-05-03 21:56:24,625 [main] INFO Cucumber_RyanAir - ******  Clicking on Login button ******
2021-05-03 21:56:24,626 [main] INFO Cucumber_RyanAir - ******  Successfully Login ******
2021-05-03 21:56:29,727 [main] INFO Cucumber_RyanAir - ******  Providing flight details ******
2021-05-03 21:56:36,686 [main] INFO Cucumber_RyanAir - ******  Clicking on Search button ******
2021-05-03 21:56:42,718 [main] INFO Cucumber_RyanAir - ******  Entering First name and Last name  ******
2021-05-03 21:56:51,056 [main] INFO Cucumber_RyanAir - ******  Selecting Cabin Bag Details  ******
2021-05-03 21:56:51,459 [main] INFO Cucumber_RyanAir - ******  Dismissing Baggage Popup  ******
2021-05-03 21:57:01,584 [main] INFO Cucumber_RyanAir - ******  Clicking on Checkout button ******
2021-05-03 21:57:05,248 [main] INFO Cucumber_RyanAir - ******  Providing card details ******
2021-05-03 21:57:06,500 [main] INFO Cucumber_RyanAir - ******  Providing billing address details ******
2021-05-03 21:57:20,958 [main] INFO Cucumber_RyanAir - ERROR MESSAGE VERIFIED. Test Case Passed
2021-05-04 01:18:30,106 [main] INFO Cucumber_RyanAir - ******  Launching Browser  ******
2021-05-04 01:18:38,548 [main] INFO Cucumber_RyanAir - ******  Opening URL ******
2021-05-04 01:18:39,080 [main] INFO Cucumber_RyanAir - ******  Cookie link is clicked ******
2021-05-04 01:18:39,081 [main] INFO Cucumber_RyanAir - ******  Clicking Login Link ******
2021-05-04 01:18:39,231 [main] INFO Cucumber_RyanAir - ******  Providing login details ******
2021-05-04 01:18:40,231 [main] INFO Cucumber_RyanAir - ******  Email id and Password entered ******
2021-05-04 01:18:40,365 [main] INFO Cucumber_RyanAir - ******  Clicking on Login button ******
2021-05-04 01:18:40,366 [main] INFO Cucumber_RyanAir - ******  Successfully Login ******
2021-05-04 01:18:45,682 [main] INFO Cucumber_RyanAir - ******  Providing flight details ******
2021-05-04 01:18:52,662 [main] INFO Cucumber_RyanAir - ******  Clicking on Search button ******
2021-05-04 01:18:58,793 [main] INFO Cucumber_RyanAir - ******  Entering First name and Last name  ******
2021-05-04 01:19:07,204 [main] INFO Cucumber_RyanAir - ******  Selecting Cabin Bag Details  ******
2021-05-04 01:19:12,274 [main] INFO Cucumber_RyanAir - ******  Dismissing Baggage Popup  ******
2021-05-04 01:19:22,321 [main] INFO Cucumber_RyanAir - ******  Clicking on Checkout button ******
2021-05-04 01:19:26,546 [main] INFO Cucumber_RyanAir - ******  Providing card details ******
2021-05-04 01:19:27,969 [main] INFO Cucumber_RyanAir - ******  Providing billing address details ******
2021-05-04 01:22:12,061 [main] INFO Cucumber_RyanAir - ******  Launching Browser  ******
2021-05-04 01:22:16,803 [main] INFO Cucumber_RyanAir - ******  Opening URL ******
2021-05-04 01:22:17,346 [main] INFO Cucumber_RyanAir - ******  Cookie link is clicked ******
2021-05-04 01:22:17,347 [main] INFO Cucumber_RyanAir - ******  Clicking Login Link ******
2021-05-04 01:22:17,481 [main] INFO Cucumber_RyanAir - ******  Providing login details ******
2021-05-04 01:22:19,105 [main] INFO Cucumber_RyanAir - ******  Email id and Password entered ******
2021-05-04 01:22:19,206 [main] INFO Cucumber_RyanAir - ******  Clicking on Login button ******
2021-05-04 01:22:19,207 [main] INFO Cucumber_RyanAir - ******  Successfully Login ******
2021-05-04 01:22:24,311 [main] INFO Cucumber_RyanAir - ******  Providing flight details ******
2021-05-04 01:22:31,193 [main] INFO Cucumber_RyanAir - ******  Clicking on Search button ******
2021-05-04 01:22:37,333 [main] INFO Cucumber_RyanAir - ******  Entering First name and Last name  ******
2021-05-04 01:22:45,141 [main] INFO Cucumber_RyanAir - ******  Selecting Cabin Bag Details  ******
2021-05-04 01:22:45,517 [main] INFO Cucumber_RyanAir - ******  Dismissing Baggage Popup  ******
2021-05-04 01:22:55,732 [main] INFO Cucumber_RyanAir - ******  Clicking on Checkout button ******
2021-05-04 01:22:59,089 [main] INFO Cucumber_RyanAir - ******  Providing card details ******
2021-05-04 01:23:00,367 [main] INFO Cucumber_RyanAir - ******  Providing billing address details ******
2021-05-04 01:23:15,068 [main] INFO Cucumber_RyanAir - ERROR MESSAGE VERIFIED. Test Case Passed
